[debug] [2023-05-15T19:49:54.629Z] ----------------------------------------------------------------------
[debug] [2023-05-15T19:49:54.630Z] Command:       /usr/local/bin/node /usr/local/bin/firebase deploy
[debug] [2023-05-15T19:49:54.630Z] CLI Version:   12.0.0
[debug] [2023-05-15T19:49:54.630Z] Platform:      darwin
[debug] [2023-05-15T19:49:54.630Z] Node Version:  v16.20.0
[debug] [2023-05-15T19:49:54.631Z] Time:          Mon May 15 2023 12:49:54 GMT-0700 (Pacific Daylight Time)
[debug] [2023-05-15T19:49:54.631Z] ----------------------------------------------------------------------
[debug] 
[debug] [2023-05-15T19:49:54.662Z] > command requires scopes: ["email","openid","https://www.googleapis.com/auth/cloudplatformprojects.readonly","https://www.googleapis.com/auth/firebase","https://www.googleapis.com/auth/cloud-platform"]
[debug] [2023-05-15T19:49:54.663Z] > authorizing via signed-in user (partykarts.io@gmail.com)
[debug] [2023-05-15T19:49:54.663Z] [iam] checking project partykarts-7fb66 for permissions ["firebase.projects.get","firebasehosting.sites.update"]
[debug] [2023-05-15T19:49:54.664Z] >>> [apiv2][query] POST https://cloudresourcemanager.googleapis.com/v1/projects/partykarts-7fb66:testIamPermissions [none]
[debug] [2023-05-15T19:49:54.664Z] >>> [apiv2][(partial)header] POST https://cloudresourcemanager.googleapis.com/v1/projects/partykarts-7fb66:testIamPermissions x-goog-quota-user=projects/partykarts-7fb66
[debug] [2023-05-15T19:49:54.664Z] >>> [apiv2][body] POST https://cloudresourcemanager.googleapis.com/v1/projects/partykarts-7fb66:testIamPermissions {"permissions":["firebase.projects.get","firebasehosting.sites.update"]}
[debug] [2023-05-15T19:49:54.974Z] <<< [apiv2][status] POST https://cloudresourcemanager.googleapis.com/v1/projects/partykarts-7fb66:testIamPermissions 200
[debug] [2023-05-15T19:49:54.974Z] <<< [apiv2][body] POST https://cloudresourcemanager.googleapis.com/v1/projects/partykarts-7fb66:testIamPermissions {"permissions":["firebase.projects.get","firebasehosting.sites.update"]}
[debug] [2023-05-15T19:49:54.976Z] >>> [apiv2][query] GET https://firebase.googleapis.com/v1beta1/projects/partykarts-7fb66 [none]
[debug] [2023-05-15T19:49:55.302Z] <<< [apiv2][status] GET https://firebase.googleapis.com/v1beta1/projects/partykarts-7fb66 200
[debug] [2023-05-15T19:49:55.302Z] <<< [apiv2][body] GET https://firebase.googleapis.com/v1beta1/projects/partykarts-7fb66 {"projectId":"partykarts-7fb66","projectNumber":"526434062796","displayName":"partykarts","name":"projects/partykarts-7fb66","resources":{"hostingSite":"partykarts-7fb66"},"state":"ACTIVE","etag":"1_0997b4ea-53cc-4cf6-aa0b-029dbb876d8f"}
[info] 
[info] === Deploying to 'partykarts-7fb66'...
[info] 
[info] i  deploying hosting 
[debug] [2023-05-15T19:49:55.309Z] >>> [apiv2][query] POST https://firebasehosting.googleapis.com/v1beta1/projects/-/sites/partykarts-7fb66/versions [none]
[debug] [2023-05-15T19:49:55.310Z] >>> [apiv2][body] POST https://firebasehosting.googleapis.com/v1beta1/projects/-/sites/partykarts-7fb66/versions {"status":"CREATED","labels":{"deployment-tool":"cli-firebase"}}
[debug] [2023-05-15T19:49:55.986Z] <<< [apiv2][status] POST https://firebasehosting.googleapis.com/v1beta1/projects/-/sites/partykarts-7fb66/versions 200
[debug] [2023-05-15T19:49:55.986Z] <<< [apiv2][body] POST https://firebasehosting.googleapis.com/v1beta1/projects/-/sites/partykarts-7fb66/versions {"name":"projects/526434062796/sites/partykarts-7fb66/versions/4f139d22ab4e5926","status":"CREATED","config":{},"labels":{"deployment-tool":"cli-firebase"}}
[info] i  hosting[partykarts-7fb66]: beginning deploy... 
[info] i  hosting[partykarts-7fb66]: found 11 files in Build 
[debug] [2023-05-15T19:49:55.999Z] [hosting] uploading with 200 concurrency
